This is pdfTeX, Version 3.14159265-2.6-1.40.18 (TeX Live 2017/Debian) (preloaded format=pdflatex 2018.5.21)  2 JUN 2018 18:46
entering extended mode
 restricted \write18 enabled.
 %&-line parsing enabled.
**relatorioPedro.tex
(./relatorioPedro.tex
LaTeX2e <2017-04-15>
Babel <3.18> and hyphenation patterns for 6 language(s) loaded.
(/usr/share/texlive/texmf-dist/tex/latex/base/report.cls
Document Class: report 2014/09/29 v1.4h Standard LaTeX document class
(/usr/share/texlive/texmf-dist/tex/latex/base/size11.clo
File: size11.clo 2014/09/29 v1.4h Standard LaTeX file (size option)
)
\c@part=\count79
\c@chapter=\count80
\c@section=\count81
\c@subsection=\count82
\c@subsubsection=\count83
\c@paragraph=\count84
\c@subparagraph=\count85
\c@figure=\count86
\c@table=\count87
\abovecaptionskip=\skip41
\belowcaptionskip=\skip42
\bibindent=\dimen102
)
(/usr/share/texlive/texmf-dist/tex/latex/geometry/geometry.sty
Package: geometry 2010/09/12 v5.6 Page Geometry

(/usr/share/texlive/texmf-dist/tex/latex/graphics/keyval.sty
Package: keyval 2014/10/28 v1.15 key=value parser (DPC)
\KV@toks@=\toks14
)
(/usr/share/texlive/texmf-dist/tex/generic/oberdiek/ifpdf.sty
Package: ifpdf 2017/03/15 v3.2 Provides the ifpdf switch
)
(/usr/share/texlive/texmf-dist/tex/generic/oberdiek/ifvtex.sty
Package: ifvtex 2016/05/16 v1.6 Detect VTeX and its facilities (HO)
Package ifvtex Info: VTeX not detected.
)
(/usr/share/texlive/texmf-dist/tex/generic/ifxetex/ifxetex.sty
Package: ifxetex 2010/09/12 v0.6 Provides ifxetex conditional
)
\Gm@cnth=\count88
\Gm@cntv=\count89
\c@Gm@tempcnt=\count90
\Gm@bindingoffset=\dimen103
\Gm@wd@mp=\dimen104
\Gm@odd@mp=\dimen105
\Gm@even@mp=\dimen106
\Gm@layoutwidth=\dimen107
\Gm@layoutheight=\dimen108
\Gm@layouthoffset=\dimen109
\Gm@layoutvoffset=\dimen110
\Gm@dimlist=\toks15
)
(/usr/share/texlive/texmf-dist/tex/latex/hyperref/hyperref.sty
Package: hyperref 2018/02/06 v6.86b Hypertext links for LaTeX

(/usr/share/texlive/texmf-dist/tex/generic/oberdiek/hobsub-hyperref.sty
Package: hobsub-hyperref 2016/05/16 v1.14 Bundle oberdiek, subset hyperref (HO)


(/usr/share/texlive/texmf-dist/tex/generic/oberdiek/hobsub-generic.sty
Package: hobsub-generic 2016/05/16 v1.14 Bundle oberdiek, subset generic (HO)
Package: hobsub 2016/05/16 v1.14 Construct package bundles (HO)
Package: infwarerr 2016/05/16 v1.4 Providing info/warning/error messages (HO)
Package: ltxcmds 2016/05/16 v1.23 LaTeX kernel commands for general use (HO)
Package: ifluatex 2016/05/16 v1.4 Provides the ifluatex switch (HO)
Package ifluatex Info: LuaTeX not detected.
Package hobsub Info: Skipping package `ifvtex' (already loaded).
Package: intcalc 2016/05/16 v1.2 Expandable calculations with integers (HO)
Package hobsub Info: Skipping package `ifpdf' (already loaded).
Package: etexcmds 2016/05/16 v1.6 Avoid name clashes with e-TeX commands (HO)
Package etexcmds Info: Could not find \expanded.
(etexcmds)             That can mean that you are not using pdfTeX 1.50 or
(etexcmds)             that some package has redefined \expanded.
(etexcmds)             In the latter case, load this package earlier.
Package: kvsetkeys 2016/05/16 v1.17 Key value parser (HO)
Package: kvdefinekeys 2016/05/16 v1.4 Define keys (HO)
Package: pdftexcmds 2018/01/21 v0.26 Utility functions of pdfTeX for LuaTeX (HO
)
Package pdftexcmds Info: LuaTeX not detected.
Package pdftexcmds Info: \pdf@primitive is available.
Package pdftexcmds Info: \pdf@ifprimitive is available.
Package pdftexcmds Info: \pdfdraftmode found.
Package: pdfescape 2016/05/16 v1.14 Implements pdfTeX's escape features (HO)
Package: bigintcalc 2016/05/16 v1.4 Expandable calculations on big integers (HO
)
Package: bitset 2016/05/16 v1.2 Handle bit-vector datatype (HO)
Package: uniquecounter 2016/05/16 v1.3 Provide unlimited unique counter (HO)
)
Package hobsub Info: Skipping package `hobsub' (already loaded).
Package: letltxmacro 2016/05/16 v1.5 Let assignment for LaTeX macros (HO)
Package: hopatch 2016/05/16 v1.3 Wrapper for package hooks (HO)
Package: xcolor-patch 2016/05/16 xcolor patch
Package: atveryend 2016/05/16 v1.9 Hooks at the very end of document (HO)
Package atveryend Info: \enddocument detected (standard20110627).
Package: atbegshi 2016/06/09 v1.18 At begin shipout hook (HO)
Package: refcount 2016/05/16 v3.5 Data extraction from label references (HO)
Package: hycolor 2016/05/16 v1.8 Color options for hyperref/bookmark (HO)
)
(/usr/share/texlive/texmf-dist/tex/latex/oberdiek/auxhook.sty
Package: auxhook 2016/05/16 v1.4 Hooks for auxiliary files (HO)
)
(/usr/share/texlive/texmf-dist/tex/latex/oberdiek/kvoptions.sty
Package: kvoptions 2016/05/16 v3.12 Key value format for package options (HO)
)
\@linkdim=\dimen111
\Hy@linkcounter=\count91
\Hy@pagecounter=\count92

(/usr/share/texlive/texmf-dist/tex/latex/hyperref/pd1enc.def
File: pd1enc.def 2018/02/06 v6.86b Hyperref: PDFDocEncoding definition (HO)
)
\Hy@SavedSpaceFactor=\count93

(/usr/share/texlive/texmf-dist/tex/latex/latexconfig/hyperref.cfg
File: hyperref.cfg 2002/06/06 v1.2 hyperref configuration of TeXLive
)
Package hyperref Info: Option `colorlinks' set `true' on input line 4383.
Package hyperref Info: Hyper figures OFF on input line 4509.
Package hyperref Info: Link nesting OFF on input line 4514.
Package hyperref Info: Hyper index ON on input line 4517.
Package hyperref Info: Plain pages OFF on input line 4524.
Package hyperref Info: Backreferencing OFF on input line 4529.
Package hyperref Info: Implicit mode ON; LaTeX internals redefined.
Package hyperref Info: Bookmarks ON on input line 4762.
\c@Hy@tempcnt=\count94

(/usr/share/texlive/texmf-dist/tex/latex/url/url.sty
\Urlmuskip=\muskip10
Package: url 2013/09/16  ver 3.4  Verb mode for urls, etc.
)
LaTeX Info: Redefining \url on input line 5115.
\XeTeXLinkMargin=\dimen112
\Fld@menulength=\count95
\Field@Width=\dimen113
\Fld@charsize=\dimen114
Package hyperref Info: Hyper figures OFF on input line 6369.
Package hyperref Info: Link nesting OFF on input line 6374.
Package hyperref Info: Hyper index ON on input line 6377.
Package hyperref Info: backreferencing OFF on input line 6384.
Package hyperref Info: Link coloring ON on input line 6387.
Package hyperref Info: Link coloring with OCG OFF on input line 6394.
Package hyperref Info: PDF/A mode OFF on input line 6399.
LaTeX Info: Redefining \ref on input line 6439.
LaTeX Info: Redefining \pageref on input line 6443.
\Hy@abspage=\count96
\c@Item=\count97
\c@Hfootnote=\count98
)
Package hyperref Info: Driver (autodetected): hpdftex.

(/usr/share/texlive/texmf-dist/tex/latex/hyperref/hpdftex.def
File: hpdftex.def 2018/02/06 v6.86b Hyperref driver for pdfTeX
\Fld@listcount=\count99
\c@bookmark@seq@number=\count100

(/usr/share/texlive/texmf-dist/tex/latex/oberdiek/rerunfilecheck.sty
Package: rerunfilecheck 2016/05/16 v1.8 Rerun checks for auxiliary files (HO)
Package uniquecounter Info: New unique counter `rerunfilecheck' on input line 2
82.
)
\Hy@SectionHShift=\skip43
)
(/usr/share/texlive/texmf-dist/tex/latex/base/fontenc.sty
Package: fontenc 2017/04/05 v2.0i Standard LaTeX package

(/usr/share/texlive/texmf-dist/tex/latex/base/t1enc.def
File: t1enc.def 2017/04/05 v2.0i Standard LaTeX file
LaTeX Font Info:    Redeclaring font encoding T1 on input line 48.
))
(/usr/share/texlive/texmf-dist/tex/latex/base/inputenc.sty
Package: inputenc 2015/03/17 v1.2c Input encoding file
\inpenc@prehook=\toks16
\inpenc@posthook=\toks17

(/usr/share/texlive/texmf-dist/tex/latex/ucs/utf8x.def
File: utf8x.def 2004/10/17 UCS: Input encoding UTF-8
))
(/usr/share/texlive/texmf-dist/tex/latex/ucs/ucs.sty
Package: ucs 2013/05/11 v2.2 UCS: Unicode input support

(/usr/share/texlive/texmf-dist/tex/latex/ucs/data/uni-global.def
File: uni-global.def 2013/05/13 UCS: Unicode global data
)
\uc@secondtry=\count101
\uc@combtoks=\toks18
\uc@combtoksb=\toks19
\uc@temptokena=\toks20
)
(/usr/share/texlive/texmf-dist/tex/generic/babel/babel.sty
Package: babel 2018/02/14 3.18 The Babel package

(/usr/share/texlive/texmf-dist/tex/generic/babel/switch.def
File: switch.def 2018/02/14 3.18 Babel switching mechanism
)
(/usr/share/texlive/texmf-dist/tex/generic/babel-portuges/portuges.ldf
Language: portuges 2008/03/18 v1.2q Portuguese support from the babel system

(/usr/share/texlive/texmf-dist/tex/generic/babel/babel.def
File: babel.def 2018/02/14 3.18 Babel common definitions
\babel@savecnt=\count102
\U@D=\dimen115

(/usr/share/texlive/texmf-dist/tex/generic/babel/txtbabel.def)
\bbl@dirlevel=\count103
)
Package babel Info: Making " an active character on input line 145.
))

! LaTeX Error: Option clash for package ucs.

See the LaTeX manual or LaTeX Companion for explanation.
Type  H <return>  for immediate help.
 ...                                              
                                                  
l.8 \usepackage
               {color}
The package ucs has already been loaded with options:
  []
There has now been an attempt to load it with options
  [combine]
Adding the global options:
  ,combine
to your \documentclass declaration may fix this.
Try typing  <return>  to proceed.

(/usr/share/texlive/texmf-dist/tex/latex/graphics/color.sty
Package: color 2016/07/10 v1.1e Standard LaTeX Color (DPC)

(/usr/share/texlive/texmf-dist/tex/latex/graphics-cfg/color.cfg
File: color.cfg 2016/01/02 v1.6 sample color configuration
)
Package color Info: Driver file: pdftex.def on input line 147.

(/usr/share/texlive/texmf-dist/tex/latex/graphics-def/pdftex.def
File: pdftex.def 2018/01/08 v1.0l Graphics/color driver for pdftex
))
(/usr/share/texlive/texmf-dist/tex/latex/adjustbox/adjustbox.sty
Package: adjustbox 2012/05/21 v1.0 Adjusting TeX boxes (trim, clip, ...)

(/usr/share/texlive/texmf-dist/tex/latex/xkeyval/xkeyval.sty
Package: xkeyval 2014/12/03 v2.7a package option processing (HA)

(/usr/share/texlive/texmf-dist/tex/generic/xkeyval/xkeyval.tex
(/usr/share/texlive/texmf-dist/tex/generic/xkeyval/xkvutils.tex
\XKV@toks=\toks21
\XKV@tempa@toks=\toks22
)
\XKV@depth=\count104
File: xkeyval.tex 2014/12/03 v2.7a key=value parser (HA)
))
(/usr/share/texlive/texmf-dist/tex/latex/adjustbox/adjcalc.sty
Package: adjcalc 2012/05/16 v1.1 Provides advanced setlength with multiple back
-ends (calc, etex, pgfmath)
)
(/usr/share/texlive/texmf-dist/tex/latex/adjustbox/trimclip.sty
Package: trimclip 2012/05/16 v1.0 Trim and clip general TeX material

(/usr/share/texlive/texmf-dist/tex/latex/graphics/graphicx.sty
Package: graphicx 2017/06/01 v1.1a Enhanced LaTeX Graphics (DPC,SPQR)

(/usr/share/texlive/texmf-dist/tex/latex/graphics/graphics.sty
Package: graphics 2017/06/25 v1.2c Standard LaTeX Graphics (DPC,SPQR)

(/usr/share/texlive/texmf-dist/tex/latex/graphics/trig.sty
Package: trig 2016/01/03 v1.10 sin cos tan (DPC)
)
(/usr/share/texlive/texmf-dist/tex/latex/graphics-cfg/graphics.cfg
File: graphics.cfg 2016/06/04 v1.11 sample graphics configuration
)
Package graphics Info: Driver file: pdftex.def on input line 99.
)
\Gin@req@height=\dimen116
\Gin@req@width=\dimen117
)
(/usr/share/texlive/texmf-dist/tex/latex/collectbox/collectbox.sty
Package: collectbox 2012/05/17 v0.4b Collect macro arguments as boxes
\collectedbox=\box26
)
\tc@llx=\dimen118
\tc@lly=\dimen119
\tc@urx=\dimen120
\tc@ury=\dimen121
Package trimclip Info: Using driver 'tc-pdftex.def'.

(/usr/share/texlive/texmf-dist/tex/latex/adjustbox/tc-pdftex.def
File: tc-pdftex.def 2012/05/13 v1.0 Clipping driver for pdftex
))
\adjbox@Width=\dimen122
\adjbox@Height=\dimen123
\adjbox@Depth=\dimen124
\adjbox@Totalheight=\dimen125

(/usr/share/texlive/texmf-dist/tex/latex/ifoddpage/ifoddpage.sty
Package: ifoddpage 2016/04/23 v1.1 Conditionals for odd/even page detection
\c@checkoddpage=\count105
)
(/usr/share/texlive/texmf-dist/tex/latex/varwidth/varwidth.sty
Package: varwidth 2009/03/30 ver 0.92;  Variable-width minipages
\@vwid@box=\box27
\sift@deathcycles=\count106
\@vwid@loff=\dimen126
\@vwid@roff=\dimen127
))
(/usr/share/texlive/texmf-dist/tex/latex/listings/listings.sty
\lst@mode=\count107
\lst@gtempboxa=\box28
\lst@token=\toks23
\lst@length=\count108
\lst@currlwidth=\dimen128
\lst@column=\count109
\lst@pos=\count110
\lst@lostspace=\dimen129
\lst@width=\dimen130
\lst@newlines=\count111
\lst@lineno=\count112
\lst@maxwidth=\dimen131

(/usr/share/texlive/texmf-dist/tex/latex/listings/lstmisc.sty
File: lstmisc.sty 2015/06/04 1.6 (Carsten Heinz)
\c@lstnumber=\count113
\lst@skipnumbers=\count114
\lst@framebox=\box29
)
(/usr/share/texlive/texmf-dist/tex/latex/listings/listings.cfg
File: listings.cfg 2015/06/04 1.6 listings configuration
))
Package: listings 2015/06/04 1.6 (Carsten Heinz)

(/usr/share/texlive/texmf-dist/tex/latex/listings/lstlang1.sty
File: lstlang1.sty 2015/06/04 1.6 listings language file
)
(/usr/share/texlive/texmf-dist/tex/latex/listings/lstmisc.sty
File: lstmisc.sty 2015/06/04 1.6 (Carsten Heinz)
)
(./relatorioPedro.aux)
\openout1 = `relatorioPedro.aux'.

LaTeX Font Info:    Checking defaults for OML/cmm/m/it on input line 13.
LaTeX Font Info:    ... okay on input line 13.
LaTeX Font Info:    Checking defaults for T1/cmr/m/n on input line 13.
LaTeX Font Info:    ... okay on input line 13.
LaTeX Font Info:    Checking defaults for OT1/cmr/m/n on input line 13.
LaTeX Font Info:    ... okay on input line 13.
LaTeX Font Info:    Checking defaults for OMS/cmsy/m/n on input line 13.
LaTeX Font Info:    ... okay on input line 13.
LaTeX Font Info:    Checking defaults for OMX/cmex/m/n on input line 13.
LaTeX Font Info:    ... okay on input line 13.
LaTeX Font Info:    Checking defaults for U/cmr/m/n on input line 13.
LaTeX Font Info:    ... okay on input line 13.
LaTeX Font Info:    Checking defaults for PD1/pdf/m/n on input line 13.
LaTeX Font Info:    ... okay on input line 13.

*geometry* driver: auto-detecting
*geometry* detected driver: pdftex
*geometry* verbose mode - [ preamble ] result:
* driver: pdftex
* paper: a4paper
* layout: <same size as paper>
* layoutoffset:(h,v)=(0.0pt,0.0pt)
* modes: 
* h-part:(L,W,R)=(85.35826pt, 455.24411pt, 56.9055pt)
* v-part:(T,H,B)=(71.13188pt, 702.78308pt, 71.13188pt)
* \paperwidth=597.50787pt
* \paperheight=845.04684pt
* \textwidth=455.24411pt
* \textheight=702.78308pt
* \oddsidemargin=13.08827pt
* \evensidemargin=13.08827pt
* \topmargin=-38.1381pt
* \headheight=12.0pt
* \headsep=25.0pt
* \topskip=11.0pt
* \footskip=30.0pt
* \marginparwidth=50.0pt
* \marginparsep=10.0pt
* \columnsep=10.0pt
* \skip\footins=10.0pt plus 4.0pt minus 2.0pt
* \hoffset=0.0pt
* \voffset=0.0pt
* \mag=1000
* \@twocolumnfalse
* \@twosidefalse
* \@mparswitchfalse
* \@reversemarginfalse
* (1in=72.27pt=25.4mm, 1cm=28.453pt)

\AtBeginShipoutBox=\box30
Package hyperref Info: Link coloring ON on input line 13.
(/usr/share/texlive/texmf-dist/tex/latex/hyperref/nameref.sty
Package: nameref 2016/05/21 v2.44 Cross-referencing by name of section

(/usr/share/texlive/texmf-dist/tex/generic/oberdiek/gettitlestring.sty
Package: gettitlestring 2016/05/16 v1.5 Cleanup title references (HO)
)
\c@section@level=\count115
)
LaTeX Info: Redefining \ref on input line 13.
LaTeX Info: Redefining \pageref on input line 13.
LaTeX Info: Redefining \nameref on input line 13.

(./relatorioPedro.out) (./relatorioPedro.out)
\@outlinefile=\write3
\openout3 = `relatorioPedro.out'.


(/usr/share/texlive/texmf-dist/tex/latex/ucs/ucsencs.def
File: ucsencs.def 2011/01/21 Fixes to fontencodings LGR, T3
)
(/usr/share/texlive/texmf-dist/tex/context/base/mkii/supp-pdf.mkii
[Loading MPS to PDF converter (version 2006.09.02).]
\scratchcounter=\count116
\scratchdimen=\dimen132
\scratchbox=\box31
\nofMPsegments=\count117
\nofMParguments=\count118
\everyMPshowfont=\toks24
\MPscratchCnt=\count119
\MPscratchDim=\dimen133
\MPnumerator=\count120
\makeMPintoPDFobject=\count121
\everyMPtoPDFconversion=\toks25
) (/usr/share/texlive/texmf-dist/tex/latex/oberdiek/epstopdf-base.sty
Package: epstopdf-base 2016/05/15 v2.6 Base part for package epstopdf

(/usr/share/texlive/texmf-dist/tex/latex/oberdiek/grfext.sty
Package: grfext 2016/05/16 v1.2 Manage graphics extensions (HO)
)
Package epstopdf-base Info: Redefining graphics rule for `.eps' on input line 4
38.
Package grfext Info: Graphics extension search list:
(grfext)             [.pdf,.png,.jpg,.mps,.jpeg,.jbig2,.jb2,.PDF,.PNG,.JPG,.JPE
G,.JBIG2,.JB2,.eps]
(grfext)             \AppendGraphicsExtensions on input line 456.

(/usr/share/texlive/texmf-dist/tex/latex/latexconfig/epstopdf-sys.cfg
File: epstopdf-sys.cfg 2010/07/13 v1.3 Configuration of (r)epstopdf for TeX Liv
e
))
\c@lstlisting=\count122
LaTeX Font Info:    External font `cmex10' loaded for size
(Font)              <12> on input line 24.
LaTeX Font Info:    External font `cmex10' loaded for size
(Font)              <8> on input line 24.
LaTeX Font Info:    External font `cmex10' loaded for size
(Font)              <6> on input line 24.

(/usr/share/texlive/texmf-dist/tex/latex/ucs/data/uni-0.def
File: uni-0.def 2013/05/13 UCS: Unicode data U+0000..U+00FF
)
LaTeX Font Info:    Try loading font information for T1+cmtt on input line 24.

(/usr/share/texlive/texmf-dist/tex/latex/base/t1cmtt.fd
File: t1cmtt.fd 2014/09/29 v2.5h Standard LaTeX font definitions
) [1

{/var/lib/texmf/fonts/map/pdftex/updmap/pdftex.map}] (./relatorioPedro.toc
LaTeX Font Info:    External font `cmex10' loaded for size
(Font)              <10.95> on input line 4.
)
\tf@toc=\write4
\openout4 = `relatorioPedro.toc'.

pdfTeX warning (ext4): destination with the same identifier (name{page.1}) has 
been already used, duplicate ignored
<to be read again> 
                   \relax 
l.32 \chapter
             {Introdu√ß√£o} [1

]
Cap\'{\i }tulo 1.
(/usr/share/texlive/texmf-dist/tex/latex/ucs/data/uni-3.def
File: uni-3.def 2013/05/13 UCS: Unicode data U+0300..U+03FF
)

! Package ucs Error: Please activate option 'combine'.

See the ucs package documentation for explanation.
Type  H <return>  for immediate help.
 ...                                              
                                                  
l.34 Este relatoÃÅ
                  rio tem como objetivo demonstrar o desenvolvimento de um p...

Composed characters can only be rendered correctly, when the option 'combine' i
s activated


! Package ucs Error: Please activate option 'combine'.

See the ucs package documentation for explanation.
Type  H <return>  for immediate help.
 ...                                              
                                                  
l.34 ...s no formato designado pelo trabalho praÃÅ
                                                  tico.
Composed characters can only be rendered correctly, when the option 'combine' i
s activated


! Package ucs Error: Please activate option 'combine'.

See the ucs package documentation for explanation.
Type  H <return>  for immediate help.
 ...                                              
                                                  
l.36 ...cheiro de formato notebook tem a extensaÃÉ
                                                  o '.nb'. Este pode conter ...

Composed characters can only be rendered correctly, when the option 'combine' i
s activated


! Package ucs Error: Please activate option 'combine'.

See the ucs package documentation for explanation.
Type  H <return>  for immediate help.
 ...                                              
                                                  
l.36 ...ÃÉo '.nb'. Este pode conter linhas de coÃÅ
                                                  digo para serem interpreta...

Composed characters can only be rendered correctly, when the option 'combine' i
s activated


! Package ucs Error: Please activate option 'combine'.

See the ucs package documentation for explanation.
Type  H <return>  for immediate help.
 ...                                              
                                                  
l.36 ...a shell do sistema, resultados de execucÃß
                                                  aÃÉo das respetivas linhas...

Composed characters can only be rendered correctly, when the option 'combine' i
s activated


! Package ucs Error: Please activate option 'combine'.

See the ucs package documentation for explanation.
Type  H <return>  for immediate help.
 ...                                              
                                                  
l.36 ...hell do sistema, resultados de execucÃßaÃÉ
                                                  o das respetivas linhas de...

Composed characters can only be rendered correctly, when the option 'combine' i
s activated


! Package ucs Error: Please activate option 'combine'.

See the ucs package documentation for explanation.
Type  H <return>  for immediate help.
 ...                                              
                                                  
l.36 ...execucÃßaÃÉo das respetivas linhas de coÃÅ
                                                  digo bem como outro tipo d...

Composed characters can only be rendered correctly, when the option 'combine' i
s activated


! Package ucs Error: Please activate option 'combine'.

See the ucs package documentation for explanation.
Type  H <return>  for immediate help.
 ...                                              
                                                  
l.36 ...e coÃÅdigo bem como outro tipo de conteuÃÅ
                                                  do tal como documentacÃßaÃ...

Composed characters can only be rendered correctly, when the option 'combine' i
s activated


! Package ucs Error: Please activate option 'combine'.

See the ucs package documentation for explanation.
Type  H <return>  for immediate help.
 ...                                              
                                                  
l.36 ...o tipo de conteuÃÅdo tal como documentacÃß
                                                  aÃÉo relevante.
Composed characters can only be rendered correctly, when the option 'combine' i
s activated


! Package ucs Error: Please activate option 'combine'.

See the ucs package documentation for explanation.
Type  H <return>  for immediate help.
 ...                                              
                                                  
l.36 ...ipo de conteuÃÅdo tal como documentacÃßaÃÉ
                                                  o relevante.
Composed characters can only be rendered correctly, when the option 'combine' i
s activated


! Package ucs Error: Please activate option 'combine'.

See the ucs package documentation for explanation.
Type  H <return>  for immediate help.
 ...                                              
                                                  
l.38 ... ao longo do relat√≥rio fragmentos de coÃÅ
                                                  digo para que haja uma mel...

Composed characters can only be rendered correctly, when the option 'combine' i
s activated


! Package ucs Error: Please activate option 'combine'.

See the ucs package documentation for explanation.
Type  H <return>  for immediate help.
 ...                                              
                                                  
l.38 ...digo para que haja uma melhor compreensaÃÉ
                                                  o do assunto em quest√£o.
Composed characters can only be rendered correctly, when the option 'combine' i
s activated


! Package ucs Error: Please activate option 'combine'.

See the ucs package documentation for explanation.
Type  H <return>  for immediate help.
 ...                                              
                                                  
l.40 O relatoÃÅ
               rio encontra-se dividido em vaÃÅrias seccÃßoÃÉes que correspo...

Composed characters can only be rendered correctly, when the option 'combine' i
s activated


! Package ucs Error: Please activate option 'combine'.

See the ucs package documentation for explanation.
Type  H <return>  for immediate help.
 ...                                              
                                                  
l.40 O relatoÃÅrio encontra-se dividido em vaÃÅ
                                               rias seccÃßoÃÉes que correspo...

Composed characters can only be rendered correctly, when the option 'combine' i
s activated


! Package ucs Error: Please activate option 'combine'.

See the ucs package documentation for explanation.
Type  H <return>  for immediate help.
 ...                                              
                                                  
l.40 ...io encontra-se dividido em vaÃÅrias seccÃß
                                                  oÃÉes que correspondem aos...

Composed characters can only be rendered correctly, when the option 'combine' i
s activated


! Package ucs Error: Please activate option 'combine'.

See the ucs package documentation for explanation.
Type  H <return>  for immediate help.
 ...                                              
                                                  
l.40 ...encontra-se dividido em vaÃÅrias seccÃßoÃÉ
                                                  es que correspondem aos po...

Composed characters can only be rendered correctly, when the option 'combine' i
s activated

[2

]
Cap\'{\i }tulo 2.
(/usr/share/texlive/texmf-dist/tex/latex/ucs/data/uni-32.def
File: uni-32.def 2013/05/13 UCS: Unicode data U+2000..U+20FF
)
! Missing $ inserted.
<inserted text> 
                $
l.71 ...ssado atrav√©s da fun√ß√£o auxiliar ‚Äúre_
                                                  processamento‚Äù. Esta fun...
I've inserted a begin-math/end-math symbol since I think
you left one out. Proceed, with fingers crossed.


LaTeX Warning: Command \textquotedblright invalid in math mode on input line 71
.


LaTeX Warning: Command \c invalid in math mode on input line 71.


LaTeX Warning: Command \~ invalid in math mode on input line 71.


LaTeX Warning: Command \textquotedblleft invalid in math mode on input line 71.



LaTeX Warning: Command \textquotedblright invalid in math mode on input line 71
.


LaTeX Warning: Command \~ invalid in math mode on input line 71.


LaTeX Warning: Command \' invalid in math mode on input line 71.

! Missing $ inserted.
<inserted text> 
                $
l.72 
     
I've inserted a begin-math/end-math symbol since I think
you left one out. Proceed, with fingers crossed.

Missing character: There is no Á in font cmr10!
Missing character: There is no „ in font cmr10!
Missing character: There is no „ in font cmr10!
Missing character: There is no Ì in font cmr10!

Overfull \hbox (1330.98738pt too wide) in paragraph at lines 71--72
\T1/cmr/m/n/10.95 O re-processamento de um no-te-book È pro-ces-sado atra-vÈs d
a fun-Á„o au-xi-liar ^^Pre$[]\OML/cmm/m/it/10.95 rocessamento\OT1/cmr/m/n/10.95
 ^^Q\OML/cmm/m/it/10.95 :Estafunotemcomoobjetivocriarumnovoficheirocomonomede\O
T1/cmr/m/n/10.95 ^^P\OML/cmm/m/it/10.95 REDO:txt\OT1/cmr/m/n/10.95 ^^Q\OML/cmm/
m/it/10.95 ecolocarnomesmotodasaslinhasdoficheirodeinputquenoestejamentre[]e[]\
OT1/cmr/m/n/10.95 (\OML/cmm/m/it/10.95 sinaisincludos\OT1/cmr/m/n/10.95 )\OML/c
mm/m/it/10.95 ; paraposteriormenteociclowhiledescritoem\OT1/cmr/m/n/10.95 1\OML
/cmm/m/it/10.95 :\OT1/cmr/m/n/10.95 1\OML/cmm/m/it/10.95 fazeroprocessamentodos
comandoseditadospeloutilizador:$ 
 []


! Package ucs Error: Please activate option 'combine'.

See the ucs package documentation for explanation.
Type  H <return>  for immediate help.
 ...                                              
                                                  
l.83 ...l normalmente relacionado com a combinacÃß
                                                  aÃÉo de botoÃÉes Control+C...

Composed characters can only be rendered correctly, when the option 'combine' i
s activated


! Package ucs Error: Please activate option 'combine'.

See the ucs package documentation for explanation.
Type  H <return>  for immediate help.
 ...                                              
                                                  
l.83 ...ormalmente relacionado com a combinacÃßaÃÉ
                                                  o de botoÃÉes Control+C) √...

Composed characters can only be rendered correctly, when the option 'combine' i
s activated


! Package ucs Error: Please activate option 'combine'.

See the ucs package documentation for explanation.
Type  H <return>  for immediate help.
 ...                                              
                                                  
l.83 ...relacionado com a combinacÃßaÃÉo de botoÃÉ
                                                  es Control+C) √© feita atr...

Composed characters can only be rendered correctly, when the option 'combine' i
s activated


! Package ucs Error: Please activate option 'combine'.

See the ucs package documentation for explanation.
Type  H <return>  for immediate help.
 ...                                              
                                                  
l.83 ...INT para o programa. Nesse caso, a variaÃÅ
                                                  vel global running iraÃÅ d...

Composed characters can only be rendered correctly, when the option 'combine' i
s activated


! Package ucs Error: Please activate option 'combine'.

See the ucs package documentation for explanation.
Type  H <return>  for immediate help.
 ...                                              
                                                  
l.83 ...se caso, a variaÃÅvel global running iraÃÅ
                                                   determinar o estado de ex...

Composed characters can only be rendered correctly, when the option 'combine' i
s activated


! Package ucs Error: Please activate option 'combine'.

See the ucs package documentation for explanation.
Type  H <return>  for immediate help.
 ...                                              
                                                  
l.83 ...ning iraÃÅ determinar o estado de execucÃß
                                                  aÃÉo do nosso programa.
Composed characters can only be rendered correctly, when the option 'combine' i
s activated


! Package ucs Error: Please activate option 'combine'.

See the ucs package documentation for explanation.
Type  H <return>  for immediate help.
 ...                                              
                                                  
l.83 ...g iraÃÅ determinar o estado de execucÃßaÃÉ
                                                  o do nosso programa.
Composed characters can only be rendered correctly, when the option 'combine' i
s activated

[3

]
Cap\'{\i }tulo 3.
[4

]
Cap\'{\i }tulo 4.

! Package ucs Error: Please activate option 'combine'.

See the ucs package documentation for explanation.
Type  H <return>  for immediate help.
 ...                                              
                                                  
l.108 ApoÃÅ
           s 2 semanas de desenvolvimento, haÃÅ que realcÃßar alguns pontos ...

Composed characters can only be rendered correctly, when the option 'combine' i
s activated


! Package ucs Error: Please activate option 'combine'.

See the ucs package documentation for explanation.
Type  H <return>  for immediate help.
 ...                                              
                                                  
l.108 ApoÃÅs 2 semanas de desenvolvimento, haÃÅ
                                                que realcÃßar alguns pontos ...

Composed characters can only be rendered correctly, when the option 'combine' i
s activated


! Package ucs Error: Please activate option 'combine'.

See the ucs package documentation for explanation.
Type  H <return>  for immediate help.
 ...                                              
                                                  
l.108 ...anas de desenvolvimento, haÃÅ que realcÃß
                                                  ar alguns pontos important...

Composed characters can only be rendered correctly, when the option 'combine' i
s activated


! Package ucs Error: Please activate option 'combine'.

See the ucs package documentation for explanation.
Type  H <return>  for immediate help.
 ...                                              
                                                  
l.108 ... como a dificuldade de implementar funcÃß
                                                  oÃÉes de baixo niÃÅvel (im...

Composed characters can only be rendered correctly, when the option 'combine' i
s activated


! Package ucs Error: Please activate option 'combine'.

See the ucs package documentation for explanation.
Type  H <return>  for immediate help.
 ...                                              
                                                  
l.108 ...mo a dificuldade de implementar funcÃßoÃÉ
                                                  es de baixo niÃÅvel (imple...

Composed characters can only be rendered correctly, when the option 'combine' i
s activated


! Package ucs Error: Please activate option 'combine'.

See the ucs package documentation for explanation.
Type  H <return>  for immediate help.
 ...                                              
                                                  
l.108 ... de implementar funcÃßoÃÉes de baixo niÃÅ
                                                  vel (implementacÃßaÃÉo de ...

Composed characters can only be rendered correctly, when the option 'combine' i
s activated


! Package ucs Error: Please activate option 'combine'.

See the ucs package documentation for explanation.
Type  H <return>  for immediate help.
 ...                                              
                                                  
l.108 ...ncÃßoÃÉes de baixo niÃÅvel (implementacÃß
                                                  aÃÉo de pipes com nome, co...

Composed characters can only be rendered correctly, when the option 'combine' i
s activated


! Package ucs Error: Please activate option 'combine'.

See the ucs package documentation for explanation.
Type  H <return>  for immediate help.
 ...                                              
                                                  
l.108 ...ßoÃÉes de baixo niÃÅvel (implementacÃßaÃÉ
                                                  o de pipes com nome, corre...

Composed characters can only be rendered correctly, when the option 'combine' i
s activated


! Package ucs Error: Please activate option 'combine'.

See the ucs package documentation for explanation.
Type  H <return>  for immediate help.
 ...                                              
                                                  
l.108 ...Éo de pipes com nome, correta comunicacÃß
                                                  aÃÉo entre forks, entre ou...

Composed characters can only be rendered correctly, when the option 'combine' i
s activated


! Package ucs Error: Please activate option 'combine'.

See the ucs package documentation for explanation.
Type  H <return>  for immediate help.
 ...                                              
                                                  
l.108 ...de pipes com nome, correta comunicacÃßaÃÉ
                                                  o entre forks, entre outro...

Composed characters can only be rendered correctly, when the option 'combine' i
s activated


! Package ucs Error: Please activate option 'combine'.

See the ucs package documentation for explanation.
Type  H <return>  for immediate help.
 ...                                              
                                                  
l.113 ... mais sobre as system calls de baixo niÃÅ
                                                  vel e em que contexto usaÃ...

Composed characters can only be rendered correctly, when the option 'combine' i
s activated


! Package ucs Error: Please activate option 'combine'.

See the ucs package documentation for explanation.
Type  H <return>  for immediate help.
 ...                                              
                                                  
l.113 ... de baixo niÃÅvel e em que contexto usaÃÅ
                                                  -las, para termos um maior...

Composed characters can only be rendered correctly, when the option 'combine' i
s activated


! Package ucs Error: Please activate option 'combine'.

See the ucs package documentation for explanation.
Type  H <return>  for immediate help.
 ...                                              
                                                  
l.114 ...desenvolvimento destes projetos, haveraÃÅ
                                                   tambeÃÅm sempre a expansa...

Composed characters can only be rendered correctly, when the option 'combine' i
s activated


! Package ucs Error: Please activate option 'combine'.

See the ucs package documentation for explanation.
Type  H <return>  for immediate help.
 ...                                              
                                                  
l.114 ...vimento destes projetos, haveraÃÅ tambeÃÅ
                                                  m sempre a expansaÃÉo do n...

Composed characters can only be rendered correctly, when the option 'combine' i
s activated


! Package ucs Error: Please activate option 'combine'.

See the ucs package documentation for explanation.
Type  H <return>  for immediate help.
 ...                                              
                                                  
l.114 ...tos, haveraÃÅ tambeÃÅm sempre a expansaÃÉ
                                                  o do nosso conhecimento e ...

Composed characters can only be rendered correctly, when the option 'combine' i
s activated

Package atveryend Info: Empty hook `BeforeClearDocument' on input line 115.
[5

]
Package atveryend Info: Empty hook `AfterLastShipout' on input line 115.
 (./relatorioPedro.aux)
Package atveryend Info: Executing hook `AtVeryEndDocument' on input line 115.
Package atveryend Info: Executing hook `AtEndAfterFileList' on input line 115.
Package rerunfilecheck Info: File `relatorioPedro.out' has not changed.
(rerunfilecheck)             Checksum: 4D34881D518C6F6A10E02831661306CE;736.
Package atveryend Info: Empty hook `AtVeryVeryEnd' on input line 115.
 ) 
Here is how much of TeX's memory you used:
 9758 strings out of 494862
 140155 string characters out of 6178946
 253132 words of memory out of 5000000
 12928 multiletter control sequences out of 15000+600000
 17107 words of font info for 40 fonts, out of 8000000 for 9000
 38 hyphenation exceptions out of 8191
 38i,6n,72p,476b,662s stack positions out of 5000i,500n,10000p,200000b,80000s
 </home/sergio/.texlive2017/texmf-var/fonts/pk/ljfour/jknappen/ec/ecti1095.60
0pk> </home/sergio/.texlive2017/texmf-var/fonts/pk/ljfour/jknappen/ec/ectt1095.
600pk> </home/sergio/.texlive2017/texmf-var/fonts/pk/ljfour/jknappen/ec/ecbx120
0.600pk> </home/sergio/.texlive2017/texmf-var/fonts/pk/ljfour/jknappen/ec/ecbx1
440.600pk> </home/sergio/.texlive2017/texmf-var/fonts/pk/ljfour/jknappen/ec/ecb
x2074.600pk> </home/sergio/.texlive2017/texmf-var/fonts/pk/ljfour/jknappen/ec/e
crm1095.600pk> </home/sergio/.texlive2017/texmf-var/fonts/pk/ljfour/jknappen/ec
/ecbx1095.600pk> </home/sergio/.texlive2017/texmf-var/fonts/pk/ljfour/jknappen/
ec/ecbx2488.600pk> </home/sergio/.texlive2017/texmf-var/fonts/pk/ljfour/jknappe
n/ec/ectt1200.600pk> </home/sergio/.texlive2017/texmf-var/fonts/pk/ljfour/jknap
pen/ec/ecrm1200.600pk> </home/sergio/.texlive2017/texmf-var/fonts/pk/ljfour/jkn
appen/ec/ecrm1728.600pk></usr/share/texlive/texmf-dist/fonts/type1/public/amsfo
nts/cm/cmmi10.pfb></usr/share/texlive/texmf-dist/fonts/type1/public/amsfonts/cm
/cmmi8.pfb></usr/share/texlive/texmf-dist/fonts/type1/public/amsfonts/cm/cmr10.
pfb>
Output written on relatorioPedro.pdf (6 pages, 116829 bytes).
PDF statistics:
 385 PDF objects out of 1000 (max. 8388607)
 131 compressed objects within 2 object streams
 17 named destinations out of 1000 (max. 500000)
 81 words of extra memory for PDF output out of 10000 (max. 10000000)

